<?xml version="1.0" encoding="UTF-8"?>
<testng-results ignored="0" total="1" passed="1" failed="0" skipped="0">
  <reporter-output>
  </reporter-output>
  <suite started-at="2024-08-08T17:54:26 IST" name="Default suite" finished-at="2024-08-08T17:54:46 IST" duration-ms="19767">
    <groups>
    </groups>
    <test started-at="2024-08-08T17:54:26 IST" name="Default test" finished-at="2024-08-08T17:54:46 IST" duration-ms="19767">
      <class name="Project_one.Dropdownwithoutselecttag">
        <test-method signature="selectdropdownwithouttag()[pri:0, instance:Project_one.Dropdownwithoutselecttag@59474f18]" started-at="2024-08-08T17:54:26 IST" name="selectdropdownwithouttag" finished-at="2024-08-08T17:54:46 IST" duration-ms="19729" status="PASS">
          <reporter-output>
          </reporter-output>
        </test-method> <!-- selectdropdownwithouttag -->
      </class> <!-- Project_one.Dropdownwithoutselecttag -->
    </test> <!-- Default test -->
  </suite> <!-- Default suite -->
</testng-results>
